0 info it worked if it ends with ok
1 verbose cli [ '/Users/thorben.ziegler/.nvm/versions/node/v7.1.0/bin/node',
1 verbose cli   '/Users/thorben.ziegler/.nvm/versions/node/v7.1.0/bin/npm',
1 verbose cli   'run',
1 verbose cli   'build' ]
2 info using npm@3.10.9
3 info using node@v7.1.0
4 verbose run-script [ 'prebuild', 'build', 'postbuild' ]
5 info lifecycle html5-banner@1.0.0~prebuild: html5-banner@1.0.0
6 silly lifecycle html5-banner@1.0.0~prebuild: no script for prebuild, continuing
7 info lifecycle html5-banner@1.0.0~build: html5-banner@1.0.0
8 verbose lifecycle html5-banner@1.0.0~build: unsafe-perm in lifecycle true
9 verbose lifecycle html5-banner@1.0.0~build: PATH: /Users/thorben.ziegler/.nvm/versions/node/v7.1.0/lib/node_modules/npm/bin/node-gyp-bin:/Users/thorben.ziegler/Documents/htdocs/bannerFramework/node_modules/.bin:/Users/thorben.ziegler/.nvm/versions/node/v7.1.0/bin:/Users/thorben.ziegler/.rbenv/shims:/Users/thorben.ziegler/.local/bin:/Users/thorben.ziegler/Library/Python/2.7/bin/:/Users/thorben.ziegler/Library/Python/2.7/lib/:/usr/local/opt/python/libexec/bin:/usr/local/bin:/usr/bin:/bin:/usr/sbin:/sbin
10 verbose lifecycle html5-banner@1.0.0~build: CWD: /Users/thorben.ziegler/Documents/htdocs/bannerFramework
11 silly lifecycle html5-banner@1.0.0~build: Args: [ '-c', 'gulp build' ]
12 silly lifecycle html5-banner@1.0.0~build: Returned: code: 1  signal: null
13 info lifecycle html5-banner@1.0.0~build: Failed to exec build script
14 verbose stack Error: html5-banner@1.0.0 build: `gulp build`
14 verbose stack Exit status 1
14 verbose stack     at EventEmitter.<anonymous> (/Users/thorben.ziegler/.nvm/versions/node/v7.1.0/lib/node_modules/npm/lib/utils/lifecycle.js:255:16)
14 verbose stack     at emitTwo (events.js:106:13)
14 verbose stack     at EventEmitter.emit (events.js:191:7)
14 verbose stack     at ChildProcess.<anonymous> (/Users/thorben.ziegler/.nvm/versions/node/v7.1.0/lib/node_modules/npm/lib/utils/spawn.js:40:14)
14 verbose stack     at emitTwo (events.js:106:13)
14 verbose stack     at ChildProcess.emit (events.js:191:7)
14 verbose stack     at maybeClose (internal/child_process.js:885:16)
14 verbose stack     at Process.ChildProcess._handle.onexit (internal/child_process.js:226:5)
15 verbose pkgid html5-banner@1.0.0
16 verbose cwd /Users/thorben.ziegler/Documents/htdocs/bannerFramework
17 error Darwin 17.5.0
18 error argv "/Users/thorben.ziegler/.nvm/versions/node/v7.1.0/bin/node" "/Users/thorben.ziegler/.nvm/versions/node/v7.1.0/bin/npm" "run" "build"
19 error node v7.1.0
20 error npm  v3.10.9
21 error code ELIFECYCLE
22 error html5-banner@1.0.0 build: `gulp build`
22 error Exit status 1
23 error Failed at the html5-banner@1.0.0 build script 'gulp build'.
23 error Make sure you have the latest version of node.js and npm installed.
23 error If you do, this is most likely a problem with the html5-banner package,
23 error not with npm itself.
23 error Tell the author that this fails on your system:
23 error     gulp build
23 error You can get information on how to open an issue for this project with:
23 error     npm bugs html5-banner
23 error Or if that isn't available, you can get their info via:
23 error     npm owner ls html5-banner
23 error There is likely additional logging output above.
24 verbose exit [ 1, true ]
